<?xml version="1.0" encoding="UTF-8"?>
<testng-results skipped="0" failed="0" total="1" passed="1">
  <reporter-output>
  </reporter-output>
  <suite name="org.tests.SampleTest" duration-ms="6206" started-at="2017-03-01T18:11:55Z" finished-at="2017-03-01T18:12:02Z">
    <groups>
    </groups>
    <test name="Command line test" duration-ms="6206" started-at="2017-03-01T18:11:55Z" finished-at="2017-03-01T18:12:02Z">
      <class name="org.tests.SampleTest">
        <test-method status="PASS" signature="beforeMethod()[pri:0, instance:org.tests.SampleTest@21bcffb5]" name="beforeMethod" is-config="true" duration-ms="5708" started-at="2017-03-01T23:41:55Z" finished-at="2017-03-01T23:42:01Z">
          <reporter-output>
          </reporter-output>
        </test-method> <!-- beforeMethod -->
        <test-method status="PASS" signature="main()[pri:0, instance:org.tests.SampleTest@21bcffb5]" name="main" duration-ms="71" started-at="2017-03-01T23:42:01Z" finished-at="2017-03-01T23:42:01Z">
          <reporter-output>
          </reporter-output>
        </test-method> <!-- main -->
        <test-method status="PASS" signature="afterMethod()[pri:0, instance:org.tests.SampleTest@21bcffb5]" name="afterMethod" is-config="true" duration-ms="417" started-at="2017-03-01T23:42:01Z" finished-at="2017-03-01T23:42:02Z">
          <reporter-output>
          </reporter-output>
        </test-method> <!-- afterMethod -->
      </class> <!-- org.tests.SampleTest -->
    </test> <!-- Command line test -->
  </suite> <!-- org.tests.SampleTest -->
</testng-results>
