<?xml version="1.0" encoding="UTF-8"?>
<testng-results skipped="0" failed="0" total="1" passed="1">
  <reporter-output>
  </reporter-output>
  <suite name="Default suite" duration-ms="8873" started-at="2017-03-01T17:57:02Z" finished-at="2017-03-01T17:57:11Z">
    <groups>
    </groups>
    <test name="Default test" duration-ms="8873" started-at="2017-03-01T17:57:02Z" finished-at="2017-03-01T17:57:11Z">
      <class name="org.tests.SampleTest">
        <test-method status="PASS" signature="beforeMethod()[pri:0, instance:org.tests.SampleTest@357246de]" name="beforeMethod" is-config="true" duration-ms="8409" started-at="2017-03-01T23:27:02Z" finished-at="2017-03-01T23:27:11Z">
          <reporter-output>
          </reporter-output>
        </test-method> <!-- beforeMethod -->
        <test-method status="PASS" signature="main()[pri:0, instance:org.tests.SampleTest@357246de]" name="main" duration-ms="39" started-at="2017-03-01T23:27:11Z" finished-at="2017-03-01T23:27:11Z">
          <reporter-output>
          </reporter-output>
        </test-method> <!-- main -->
        <test-method status="PASS" signature="afterMethod()[pri:0, instance:org.tests.SampleTest@357246de]" name="afterMethod" is-config="true" duration-ms="412" started-at="2017-03-01T23:27:11Z" finished-at="2017-03-01T23:27:11Z">
          <reporter-output>
          </reporter-output>
        </test-method> <!-- afterMethod -->
      </class> <!-- org.tests.SampleTest -->
    </test> <!-- Default test -->
  </suite> <!-- Default suite -->
</testng-results>
